<?xml version="1.0" encoding="UTF-8"?>
<!-- Generated by org.testng.reporters.JUnitReportReporter -->
<testsuite hostname="DESKTOP-URBV8N7" failures="0" tests="4" name="TestCases.InventoryPageTest" time="63.037" errors="0" timestamp="2022-12-29T19:41:21 GMT-05:00" skipped="0">
  <testcase classname="TestCases.InventoryPageTest" name="inventoryPageLogoTest" time="3.734"/>
  <testcase classname="TestCases.InventoryPageTest" name="inventoryPageLabelTest" time="3.724"/>
  <testcase classname="TestCases.InventoryPageTest" name="inventoryUrlLogin" time="51.252"/>
  <testcase classname="TestCases.InventoryPageTest" name="addProductTest" time="4.327"/>
</testsuite> <!-- TestCases.InventoryPageTest -->
