<?xml version="1.0" encoding="UTF-8"?>
<!-- Generated by org.testng.reporters.JUnitReportReporter -->
<testsuite hostname="DESKTOP-URBV8N7" failures="0" tests="5" name="TestCases.CardPageTest" time="26.144" errors="0" timestamp="2023-01-01T07:11:55 GMT-05:00" skipped="1">
  <testcase classname="TestCases.CardPageTest" name="verifyCardPageLabelTest" time="5.181"/>
  <testcase classname="TestCases.CardPageTest" name="continueBtnTest" time="10.278"/>
  <testcase classname="TestCases.CardPageTest" name="checkOutBtnTest" time="5.238"/>
  <testcase classname="TestCases.CardPageTest" name="removeElementBtnText" time="5.447"/>
  <testcase classname="TestCases.CardPageTest" name="verifyCardPageUrl">
    <skipped/>
  </testcase> <!-- verifyCardPageUrl -->
</testsuite> <!-- TestCases.CardPageTest -->
