<?xml version="1.0" encoding="UTF-8"?>
<!-- Generated by org.testng.reporters.JUnitReportReporter -->
<testsuite hostname="DESKTOP-URBV8N7" failures="0" tests="4" name="TestNG_Kewords.Group_LoginPageTest" time="18.988" errors="0" timestamp="2023-01-05T13:23:54 GMT-05:00" skipped="0">
  <testcase classname="TestNG_Kewords.Group_LoginPageTest" name="verifyTitleTest" time="3.816"/>
  <testcase classname="TestNG_Kewords.Group_LoginPageTest" name="verifyUrlTest" time="3.478"/>
  <testcase classname="TestNG_Kewords.Group_LoginPageTest" name="verifyLogoTest" time="8.668"/>
  <testcase classname="TestNG_Kewords.Group_LoginPageTest" name="verifyBotLogoTest" time="3.026"/>
</testsuite> <!-- TestNG_Kewords.Group_LoginPageTest -->
