<?xml version="1.0" encoding="UTF-8"?>
<!-- Generated by org.testng.reporters.JUnitReportReporter -->
<testsuite hostname="DESKTOP-URBV8N7" failures="0" tests="3" name="OrangeTestCases.OrangeLoginPageTest" time="28.536" errors="0" timestamp="2023-01-04T07:58:40 GMT-05:00" skipped="2">
  <testcase classname="OrangeTestCases.OrangeLoginPageTest" name="orangeInfo" time="28.536"/>
  <testcase classname="OrangeTestCases.OrangeLoginPageTest" name="orangeUrlTest">
    <skipped/>
  </testcase> <!-- orangeUrlTest -->
  <testcase classname="OrangeTestCases.OrangeLoginPageTest" name="orangeTitleTest">
    <skipped/>
  </testcase> <!-- orangeTitleTest -->
</testsuite> <!-- OrangeTestCases.OrangeLoginPageTest -->
