<?xml version="1.0" encoding="UTF-8"?>
<!-- Generated by org.testng.reporters.JUnitReportReporter -->
<testsuite hostname="DESKTOP-URBV8N7" failures="0" tests="3" name="TestNG_Kewords.InvocationCountPrgm" time="34.154" errors="0" timestamp="2023-01-05T13:27:28 GMT-05:00" skipped="0">
  <testcase classname="TestNG_Kewords.InvocationCountPrgm" name="verifyLogoTest" time="13.218"/>
  <testcase classname="TestNG_Kewords.InvocationCountPrgm" name="verifyLogoTest" time="15.337"/>
  <testcase classname="TestNG_Kewords.InvocationCountPrgm" name="verifyLogoTest" time="5.599"/>
</testsuite> <!-- TestNG_Kewords.InvocationCountPrgm -->
