<?xml version="1.0" encoding="UTF-8"?>
<!-- Generated by org.testng.reporters.JUnitReportReporter -->
<testsuite hostname="DESKTOP-URBV8N7" failures="0" tests="4" name="TestNG_Kewords.Priority_LoginPageTest" time="8.600" errors="0" timestamp="2023-01-05T13:22:07 GMT-05:00" skipped="2">
  <testcase classname="TestNG_Kewords.Priority_LoginPageTest" name="verifyLogoTest" time="5.791"/>
  <testcase classname="TestNG_Kewords.Priority_LoginPageTest" name="verifyBotLogoTest" time="2.809"/>
  <testcase classname="TestNG_Kewords.Priority_LoginPageTest" name="verifyTitleTest">
    <skipped/>
  </testcase> <!-- verifyTitleTest -->
  <testcase classname="TestNG_Kewords.Priority_LoginPageTest" name="verifyUrlTest">
    <skipped/>
  </testcase> <!-- verifyUrlTest -->
</testsuite> <!-- TestNG_Kewords.Priority_LoginPageTest -->
