<?xml version="1.0" encoding="UTF-8"?>
<!-- Generated by org.testng.reporters.JUnitReportReporter -->
<testsuite hostname="DESKTOP-URBV8N7" failures="0" tests="1" name="TestCases.CheckOutStepTwoPageTest" time="17.196" errors="0" timestamp="2023-01-01T11:40:28 GMT-05:00" skipped="0">
  <testcase classname="TestCases.CheckOutStepTwoPageTest" name="verifyUrlTest" time="17.196"/>
</testsuite> <!-- TestCases.CheckOutStepTwoPageTest -->
