<?xml version="1.0" encoding="UTF-8"?>
<!-- Generated by org.testng.reporters.JUnitReportReporter -->
<testsuite hostname="DESKTOP-URBV8N7" failures="0" tests="4" name="TestCases.Group_LoginPageTest" time="15.248" errors="0" timestamp="2023-01-04T14:37:22 GMT-05:00" skipped="0">
  <testcase classname="TestCases.Group_LoginPageTest" name="verifyUrlTest" time="3.422"/>
  <testcase classname="TestCases.Group_LoginPageTest" name="verifyLogoTest" time="3.427"/>
  <testcase classname="TestCases.Group_LoginPageTest" name="verifyBotLogoTest" time="2.976"/>
  <testcase classname="TestCases.Group_LoginPageTest" name="verifyTitleTest" time="5.423"/>
</testsuite> <!-- TestCases.Group_LoginPageTest -->
