<?xml version="1.0" encoding="UTF-8"?>
<!-- Generated by org.testng.reporters.JUnitReportReporter -->
<testsuite hostname="DESKTOP-URBV8N7" failures="0" tests="1" name="TestNG_Kewords.TimeOut_Prgm" time="6.065" errors="0" timestamp="2023-01-05T13:28:48 GMT-05:00" skipped="0">
  <testcase classname="TestNG_Kewords.TimeOut_Prgm" name="verifyLogoTest" time="6.065"/>
</testsuite> <!-- TestNG_Kewords.TimeOut_Prgm -->
