<?xml version="1.0" encoding="UTF-8"?>
<!-- Generated by org.testng.reporters.JUnitReportReporter -->
<testsuite hostname="DESKTOP-URBV8N7" failures="0" tests="2" name="TestCases.CheckOutStepOnePageText" time="69.736" errors="0" timestamp="2023-01-01T11:26:10 GMT-05:00" skipped="0">
  <testcase classname="TestCases.CheckOutStepOnePageText" name="verifyInfoTest" time="7.964"/>
  <testcase classname="TestCases.CheckOutStepOnePageText" name="verifyCheckOutStepOneUrlTest" time="61.772"/>
</testsuite> <!-- TestCases.CheckOutStepOnePageText -->
