<?xml version="1.0" encoding="UTF-8"?>
<!-- Generated by org.testng.reporters.JUnitReportReporter -->
<testsuite hostname="DESKTOP-URBV8N7" failures="0" tests="3" name="TestCases.Priority_LoginPageTest" time="9.546" errors="0" timestamp="2023-01-05T13:19:53 GMT-05:00" skipped="2">
  <testcase classname="TestCases.Priority_LoginPageTest" name="verifyLogoTest" time="9.546"/>
  <testcase classname="TestCases.Priority_LoginPageTest" name="verifyUrlTest">
    <skipped/>
  </testcase> <!-- verifyUrlTest -->
  <testcase classname="TestCases.Priority_LoginPageTest" name="verifyTitleTest">
    <skipped/>
  </testcase> <!-- verifyTitleTest -->
</testsuite> <!-- TestCases.Priority_LoginPageTest -->
